<?xml version="1.0" encoding="UTF-8"?>
<testsuite name="lottery.LotteryTest" tests="1" skipped="0" failures="0" errors="0" timestamp="2023-08-01T20:02:56" hostname="MBP-Taras.fritz.box" time="0.018">
  <properties/>
  <testcase name="testRandom()" classname="lottery.LotteryTest" time="0.018"/>
  <system-out><![CDATA[]]></system-out>
  <system-err><![CDATA[]]></system-err>
</testsuite>
